src/omi/summarizer.py:112: error: Library stubs not installed for "requests"  [import-untyped]
src/omi/summarizer.py:116: error: "None" has no attribute "headers"  [attr-defined]
src/omi/summarizer.py:121: error: "None" has no attribute "headers"  [attr-defined]
src/omi/summarizer.py:127: error: "None" has no attribute "headers"  [attr-defined]
src/omi/summarizer.py:133: error: Missing type parameters for generic type "Dict"  [type-arg]
src/omi/summarizer.py:159: error: Missing type parameters for generic type "Dict"  [type-arg]
src/omi/summarizer.py:201: error: Missing type parameters for generic type "Dict"  [type-arg]
src/omi/summarizer.py:235: error: "None" has no attribute "post"  [attr-defined]
src/omi/summarizer.py:257: error: Returning Any from function declared to return "str"  [no-any-return]
src/omi/summarizer.py:261: error: "None" has no attribute "post"  [attr-defined]
src/omi/summarizer.py:280: error: Returning Any from function declared to return "str"  [no-any-return]
src/omi/summarizer.py:284: error: "None" has no attribute "post"  [attr-defined]
src/omi/summarizer.py:300: error: Returning Any from function declared to return "str"  [no-any-return]
src/omi/summarizer.py:353: error: Cannot find implementation or library stub for module named "ollama"  [import-not-found]
src/omi/summarizer.py:374: error: Returning Any from function declared to return "str"  [no-any-return]
src/omi/summarizer.py:386: error: Returning Any from function declared to return "str"  [no-any-return]
src/omi/belief.py:38: error: Function is missing a type annotation  [no-untyped-def]
src/omi/belief.py:60: error: Returning Any from function declared to return "str"  [no-any-return]
src/omi/belief.py:99: error: Returning Any from function declared to return "float"  [no-any-return]
src/omi/belief.py:102: error: Missing type parameters for generic type "dict"  [type-arg]
src/omi/event_history.py:149: error: Argument "timestamp" to "EventRecord" has incompatible type "datetime | None"; expected "datetime"  [arg-type]
src/omi/event_history.py:189: error: Argument 1 to "append" of "list" has incompatible type "int"; expected "str"  [arg-type]
src/omi/event_history.py:199: error: Argument "timestamp" to "EventRecord" has incompatible type "datetime | None"; expected "datetime"  [arg-type]
src/omi/event_history.py:250: error: Returning Any from function declared to return "int"  [no-any-return]
src/omi/event_history.py:312: error: Function is missing a type annotation  [no-untyped-def]
src/omi/event_history.py:315: error: Function is missing a type annotation  [no-untyped-def]
src/omi/event_bus.py:41: error: Function is missing a return type annotation  [no-untyped-def]
src/omi/event_bus.py:41: note: Use "-> None" if function does not return a value
src/omi/event_bus.py:151: error: Incompatible default for argument "event_type" (default has type "None", argument has type "str")  [assignment]
src/omi/event_bus.py:151: note: PEP 484 prohibits implicit Optional. Accordingly, mypy has changed its default to no_implicit_optional=True
src/omi/event_bus.py:151: note: Use https://github.com/hauntsaninja/no_implicit_optional to automatically upgrade your codebase
src/omi/event_bus.py:182: error: Call to untyped function "EventBus" in typed context  [no-untyped-call]
src/omi/event_bus.py:193: error: Call to untyped function "EventBus" in typed context  [no-untyped-call]
src/omi/event_bus.py:220: error: Incompatible default for argument "event_types" (default has type "None", argument has type "list[str]")  [assignment]
src/omi/event_bus.py:220: note: PEP 484 prohibits implicit Optional. Accordingly, mypy has changed its default to no_implicit_optional=True
src/omi/event_bus.py:220: note: Use https://github.com/hauntsaninja/no_implicit_optional to automatically upgrade your codebase
src/omi/event_bus.py:221: error: Incompatible default for argument "headers" (default has type "None", argument has type "dict[str, str]")  [assignment]
src/omi/event_bus.py:221: note: PEP 484 prohibits implicit Optional. Accordingly, mypy has changed its default to no_implicit_optional=True
src/omi/event_bus.py:221: note: Use https://github.com/hauntsaninja/no_implicit_optional to automatically upgrade your codebase
src/omi/event_bus.py:246: error: Need type annotation for "_callbacks_registered" (hint: "_callbacks_registered: list[<type>] = ...")  [var-annotated]
src/omi/event_bus.py:250: error: Library stubs not installed for "requests"  [import-untyped]
src/omi/embeddings.py:63: error: Library stubs not installed for "requests"  [import-untyped]
src/omi/embeddings.py:63: note: Hint: "python3 -m pip install types-requests"
src/omi/embeddings.py:88: error: Cannot find implementation or library stub for module named "omi.ollama_fallback"  [import-not-found]
src/omi/embeddings.py:116: error: Returning Any from function declared to return "list[float]"  [no-any-return]
src/omi/embeddings.py:130: error: Module "numpy" does not explicitly export attribute "array"  [attr-defined]
src/omi/embeddings.py:131: error: Module "numpy" does not explicitly export attribute "array"  [attr-defined]
src/omi/embeddings.py:133: error: Module "numpy" does not explicitly export attribute "dot"  [attr-defined]
src/omi/embeddings.py:140: error: Returning Any from function declared to return "float"  [no-any-return]
src/omi/embeddings.py:161: error: Cannot find implementation or library stub for module named "ollama"  [import-not-found]
src/omi/embeddings.py:176: error: Returning Any from function declared to return "list[float]"  [no-any-return]
src/omi/embeddings.py:184: error: Returning Any from function declared to return "list[float]"  [no-any-return]
src/omi/embeddings.py:201: error: Returning Any from function declared to return "list[float]"  [no-any-return]
src/omi/embeddings.py:201: error: Module "numpy" does not explicitly export attribute "load"  [attr-defined]
src/omi/embeddings.py:204: error: Module "numpy" does not explicitly export attribute "save"  [attr-defined]
src/omi/embeddings.py:204: error: Module "numpy" does not explicitly export attribute "array"  [attr-defined]
src/omi/embeddings.py:231: error: "None" has no attribute "headers"  [attr-defined]
src/omi/embeddings.py:239: error: Missing type parameters for generic type "dict"  [type-arg]
src/omi/embeddings.py:261: error: "None" has no attribute "post"  [attr-defined]
src/omi/embeddings.py:267: error: Returning Any from function declared to return "list[float]"  [no-any-return]
src/omi/embeddings.py:271: error: Module "numpy" does not explicitly export attribute "array"  [attr-defined]
src/omi/embeddings.py:272: error: Returning Any from function declared to return "float"  [no-any-return]
src/omi/embeddings.py:272: error: Module "numpy" does not explicitly export attribute "dot"  [attr-defined]
src/omi/embeddings.py:296: error: Incompatible types in assignment (expression has type "float", variable has type "int")  [assignment]
src/omi/embeddings.py:305: error: Module "numpy" does not explicitly export attribute "array"  [attr-defined]
src/omi/embeddings.py:306: error: Module "numpy" does not explicitly export attribute "dot"  [attr-defined]
src/omi/storage/graph_palace.py:35: error: Incompatible types in assignment (expression has type "None", variable has type "datetime")  [assignment]
src/omi/storage/graph_palace.py:41: error: Function is missing a return type annotation  [no-untyped-def]
src/omi/storage/graph_palace.py:41: note: Use "-> None" if function does not return a value
src/omi/storage/graph_palace.py:75: error: Incompatible types in assignment (expression has type "None", variable has type "datetime")  [assignment]
src/omi/storage/graph_palace.py:77: error: Function is missing a return type annotation  [no-untyped-def]
src/omi/storage/graph_palace.py:77: note: Use "-> None" if function does not return a value
src/omi/storage/graph_palace.py:227: error: Module "numpy" does not explicitly export attribute "array"  [attr-defined]
src/omi/storage/graph_palace.py:227: error: Module "numpy" does not explicitly export attribute "float32"  [attr-defined]
src/omi/storage/graph_palace.py:228: error: Module "numpy" does not explicitly export attribute "array"  [attr-defined]
src/omi/storage/graph_palace.py:228: error: Module "numpy" does not explicitly export attribute "float32"  [attr-defined]
src/omi/storage/graph_palace.py:229: error: Module "numpy" does not explicitly export attribute "dot"  [attr-defined]
src/omi/storage/graph_palace.py:245: error: Incompatible default for argument "embedding" (default has type "None", argument has type "list[float]")  [assignment]
src/omi/storage/graph_palace.py:245: note: PEP 484 prohibits implicit Optional. Accordingly, mypy has changed its default to no_implicit_optional=True
src/omi/storage/graph_palace.py:245: note: Use https://github.com/hauntsaninja/no_implicit_optional to automatically upgrade your codebase
src/omi/storage/graph_palace.py:343: error: Argument "created_at" to "Memory" has incompatible type "datetime | None"; expected "datetime"  [arg-type]
src/omi/storage/graph_palace.py:382: error: Module "numpy" does not explicitly export attribute "array"  [attr-defined]
src/omi/storage/graph_palace.py:382: error: Module "numpy" does not explicitly export attribute "float32"  [attr-defined]
src/omi/storage/graph_palace.py:411: error: Module "numpy" does not explicitly export attribute "array"  [attr-defined]
src/omi/storage/graph_palace.py:411: error: Module "numpy" does not explicitly export attribute "float32"  [attr-defined]
src/omi/storage/graph_palace.py:417: error: Module "numpy" does not explicitly export attribute "dot"  [attr-defined]
src/omi/storage/graph_palace.py:421: error: Module "numpy" does not explicitly export attribute "divide"  [attr-defined]
src/omi/storage/graph_palace.py:422: error: Module "numpy" does not explicitly export attribute "zeros_like"  [attr-defined]
src/omi/storage/graph_palace.py:426: error: Module "numpy" does not explicitly export attribute "where"  [attr-defined]
src/omi/storage/graph_palace.py:452: error: Argument "created_at" to "Memory" has incompatible type "datetime | None"; expected "datetime"  [arg-type]
src/omi/storage/graph_palace.py:496: error: Argument "created_at" to "Memory" has incompatible type "datetime | None"; expected "datetime"  [arg-type]
src/omi/storage/graph_palace.py:572: error: Argument "created_at" to "Edge" has incompatible type "datetime | None"; expected "datetime"  [arg-type]
src/omi/storage/graph_palace.py:618: error: Argument "created_at" to "Memory" has incompatible type "datetime | None"; expected "datetime"  [arg-type]
src/omi/storage/graph_palace.py:675: error: Returning Any from function declared to return "float"  [no-any-return]
src/omi/storage/graph_palace.py:722: error: Argument "created_at" to "Memory" has incompatible type "datetime | None"; expected "datetime"  [arg-type]
src/omi/storage/graph_palace.py:784: error: Argument "created_at" to "Memory" has incompatible type "datetime | None"; expected "datetime"  [arg-type]
src/omi/storage/graph_palace.py:1020: error: Argument "created_at" to "Memory" has incompatible type "datetime | None"; expected "datetime"  [arg-type]
src/omi/storage/graph_palace.py:1041: error: Function is missing a type annotation  [no-untyped-def]
src/omi/storage/graph_palace.py:1044: error: Function is missing a type annotation  [no-untyped-def]
src/omi/graph/memory_graph.py:28: error: Incompatible types in assignment (expression has type "None", variable has type "list[str]")  [assignment]
src/omi/graph/memory_graph.py:136: error: Returning Any from function declared to return "float"  [no-any-return]
src/omi/graph/memory_graph.py:140: error: Need type annotation for "anomalies"  [var-annotated]
src/omi/graph/memory_graph.py:167: error: Module "numpy" does not explicitly export attribute "array"  [attr-defined]
src/omi/graph/memory_graph.py:168: error: Module "numpy" does not explicitly export attribute "dot"  [attr-defined]
src/omi/security.py:17: error: Missing type parameters for generic type "dict"  [type-arg]
src/omi/security.py:18: error: Missing type parameters for generic type "dict"  [type-arg]
src/omi/security.py:85: error: Missing type parameters for generic type "dict"  [type-arg]
src/omi/security.py:147: error: Function is missing a type annotation  [no-untyped-def]
src/omi/security.py:186: error: Missing type parameters for generic type "dict"  [type-arg]
src/omi/security.py:220: error: Missing type parameters for generic type "dict"  [type-arg]
src/omi/security.py:239: error: "OllamaEmbedder" has no attribute "similarity"  [attr-defined]
src/omi/security.py:295: error: Function is missing a type annotation for one or more arguments  [no-untyped-def]
src/omi/security.py:334: error: Returning Any from function declared to return "str"  [no-any-return]
src/omi/security.py:344: error: Missing type parameters for generic type "dict"  [type-arg]
src/omi/security.py:363: error: Function is missing a type annotation for one or more arguments  [no-untyped-def]
src/omi/security.py:365: error: Call to untyped function "TopologyVerifier" in typed context  [no-untyped-call]
src/omi/security.py:367: error: Missing type parameters for generic type "dict"  [type-arg]
src/omi/security.py:373: error: Missing type parameters for generic type "dict"  [type-arg]
src/omi/storage_backends.py:239: error: Cannot find implementation or library stub for module named "boto3"  [import-not-found]
src/omi/storage_backends.py:240: error: Cannot find implementation or library stub for module named "botocore.exceptions"  [import-not-found]
src/omi/storage_backends.py:414: error: Incompatible types in assignment (expression has type "int", target has type "str")  [assignment]
src/omi/storage_backends.py:554: error: Skipping analyzing "google.cloud": module is installed, but missing library stubs or py.typed marker  [import-untyped]
src/omi/storage_backends.py:555: error: Skipping analyzing "google.cloud.exceptions": module is installed, but missing library stubs or py.typed marker  [import-untyped]
src/omi/storage_backends.py:614: error: Call to untyped function "from_service_account_file" of "Credentials" in typed context  [no-untyped-call]
src/omi/storage_backends.py:768: error: Returning Any from function declared to return "bool"  [no-any-return]
src/omi/storage_backends.py:834: error: Cannot find implementation or library stub for module named "azure.storage.blob"  [import-not-found]
src/omi/storage_backends.py:835: error: Cannot find implementation or library stub for module named "azure.core.exceptions"  [import-not-found]
src/omi/storage_backends.py:1077: error: Returning Any from function declared to return "bool"  [no-any-return]
src/omi/rest_api.py:47: error: Function is missing a return type annotation  [no-untyped-def]
src/omi/rest_api.py:60: error: Function is missing a return type annotation  [no-untyped-def]
src/omi/rest_api.py:76: error: Need type annotation for "event_queue"  [var-annotated]
src/omi/rest_api.py:78: error: Function is missing a type annotation  [no-untyped-def]
src/omi/rest_api.py:130: error: Function is missing a return type annotation  [no-untyped-def]
src/omi/rest_api.py:169: error: Function is missing a return type annotation  [no-untyped-def]
src/omi/rest_api.py:169: note: Use "-> None" if function does not return a value
src/omi/rest_api.py:176: error: Function is missing a return type annotation  [no-untyped-def]
src/omi/rest_api.py:176: note: Use "-> None" if function does not return a value
src/omi/moltvault.py:31: error: Cannot find implementation or library stub for module named "boto3"  [import-not-found]
src/omi/moltvault.py:32: error: Cannot find implementation or library stub for module named "botocore.exceptions"  [import-not-found]
src/omi/moltvault.py:202: error: Function is missing a return type annotation  [no-untyped-def]
src/omi/moltvault.py:239: error: Function is missing a return type annotation  [no-untyped-def]
src/omi/moltvault.py:659: error: Call to untyped function "_get_fernet" in typed context  [no-untyped-call]
src/omi/moltvault.py:661: error: Function is missing a return type annotation  [no-untyped-def]
src/omi/moltvault.py:672: error: Item "None" of "str | None" has no attribute "encode"  [union-attr]
src/omi/moltvault.py:677: error: Returning Any from function declared to return "bytes"  [no-any-return]
src/omi/moltvault.py:681: error: Returning Any from function declared to return "bytes"  [no-any-return]
src/omi/api.py:50: error: Missing type parameters for generic type "dict"  [type-arg]
src/omi/api.py:64: error: Argument 1 to "recall" of "GraphPalace" has incompatible type "str"; expected "list[float]"  [arg-type]
src/omi/api.py:69: error: "tuple[Memory, float]" has no attribute "get"  [attr-defined]
src/omi/api.py:77: error: "tuple[Memory, float]" has no attribute "get"  [attr-defined]
src/omi/api.py:88: error: "tuple[Memory, float]" has no attribute "get"  [attr-defined]
src/omi/api.py:89: error: Unsupported target for indexed assignment ("tuple[Memory, float]")  [index]
src/omi/api.py:93: error: Argument "key" to "sort" of "list" has incompatible type "Callable[[tuple[Memory, float]], Memory | float]"; expected "Callable[[tuple[Memory, float]], SupportsDunderLT[Any] | SupportsDunderGT[Any]]"  [arg-type]
src/omi/api.py:93: error: Incompatible return value type (got "Memory | float", expected "SupportsDunderLT[Any] | SupportsDunderGT[Any]")  [return-value]
src/omi/api.py:93: error: No overload variant of "__getitem__" of "tuple" matches argument type "str"  [call-overload]
src/omi/api.py:93: note: Possible overload variants:
src/omi/api.py:93: note:     def __getitem__(self, SupportsIndex, /) -> Memory | float
src/omi/api.py:93: note:     def __getitem__(self, slice[Any, Any, Any], /) -> tuple[Memory | float, ...]
src/omi/api.py:100: error: Argument "top_results" to "MemoryRecalledEvent" has incompatible type "list[tuple[Memory, float]]"; expected "list[dict[str, Any]]"  [arg-type]
src/omi/api.py:104: error: Incompatible return value type (got "list[tuple[Memory, float]]", expected "list[dict[Any, Any]]")  [return-value]
src/omi/api.py:220: error: Missing type parameters for generic type "dict"  [type-arg]
src/omi/api.py:255: error: Missing type parameters for generic type "dict"  [type-arg]
src/omi/api.py:278: error: Function is missing a type annotation for one or more arguments  [no-untyped-def]
src/omi/api.py:284: error: Missing type parameters for generic type "dict"  [type-arg]
src/omi/api.py:327: error: Missing type parameters for generic type "dict"  [type-arg]
src/omi/api.py:359: error: Incompatible return value type (got "BackupMetadata", expected "str")  [return-value]
src/omi/api.py:359: error: Argument 1 to "backup" of "MoltVault" has incompatible type "str"; expected "bool"  [arg-type]
src/omi/api.py:367: error: Incompatible return value type (got "Path", expected "str")  [return-value]
src/omi/api.py:377: error: Incompatible default for argument "consensus" (default has type "None", argument has type "ConsensusManager")  [assignment]
src/omi/api.py:377: note: PEP 484 prohibits implicit Optional. Accordingly, mypy has changed its default to no_implicit_optional=True
src/omi/api.py:377: note: Use https://github.com/hauntsaninja/no_implicit_optional to automatically upgrade your codebase
src/omi/api.py:382: error: Missing type parameters for generic type "dict"  [type-arg]
src/omi/api.py:395: error: Incompatible types in assignment (expression has type "dict[str, object]", target has type "bool")  [assignment]
src/omi/api.py:404: error: Item "bool" of "bool | dict[Never, Never]" has no attribute "get"  [union-attr]
src/omi/api.py:404: error: No overload variant of "get" of "dict" matches argument types "str", "int"  [call-overload]
src/omi/api.py:404: note: Possible overload variants:
src/omi/api.py:404: note:     def get(self, Never, None = ..., /) -> None
src/omi/api.py:404: note:     def get(self, Never, Never, /) -> Never
src/omi/api.py:404: note:     def [_T] get(self, Never, _T, /) -> _T
src/omi/api.py:409: error: Missing type parameters for generic type "dict"  [type-arg]
src/omi/api.py:456: error: Missing type parameters for generic type "dict"  [type-arg]
src/omi/api.py:472: error: Unexpected keyword argument "api_key" for "MoltVault"  [call-arg]
src/omi/moltvault.py:697: note: "MoltVault" defined here
src/omi/api.py:483: error: Call to untyped function "BeliefNetwork" in typed context  [no-untyped-call]
src/omi/api.py:489: error: Call to untyped function "TopologyVerifier" in typed context  [no-untyped-call]
src/omi/__init__.py:43: error: Function is missing a type annotation  [no-untyped-def]
src/omi/__init__.py:50: error: Function is missing a return type annotation  [no-untyped-def]
src/omi/__init__.py:61: error: Function is missing a type annotation  [no-untyped-def]
src/omi/cli.py:48: error: Function is missing a type annotation  [no-untyped-def]
src/omi/cli.py:83: error: Function is missing a type annotation for one or more arguments  [no-untyped-def]
src/omi/cli.py:225: error: Function is missing a type annotation for one or more arguments  [no-untyped-def]
src/omi/cli.py:241: error: Call to untyped function "NOWStore" in typed context  [no-untyped-call]
src/omi/cli.py:242: error: Call to untyped function "read" in typed context  [no-untyped-call]
src/omi/cli.py:245: error: "NOWStore" has no attribute "_default_content"  [attr-defined]
src/omi/cli.py:247: error: "NOWStore" has no attribute "update"  [attr-defined]
src/omi/cli.py:266: error: Name "now_entry" is not defined  [name-defined]
src/omi/cli.py:270: error: Name "now_entry" is not defined  [name-defined]
src/omi/cli.py:273: error: Name "now_entry" is not defined  [name-defined]
src/omi/cli.py:285: error: Name "now_entry" is not defined  [name-defined]
src/omi/cli.py:287: error: Name "now_entry" is not defined  [name-defined]
src/omi/cli.py:288: error: Name "now_entry" is not defined  [name-defined]
src/omi/cli.py:290: error: Name "now_entry" is not defined  [name-defined]
src/omi/cli.py:320: error: Function is missing a type annotation for one or more arguments  [no-untyped-def]
src/omi/cli.py:372: error: Function is missing a type annotation for one or more arguments  [no-untyped-def]
src/omi/cli.py:442: error: Function is missing a type annotation for one or more arguments  [no-untyped-def]
src/omi/cli.py:458: error: Call to untyped function "NOWStore" in typed context  [no-untyped-call]
src/omi/cli.py:459: error: "NOWStore" has no attribute "now_file"  [attr-defined]
src/omi/cli.py:460: error: Call to untyped function "read" in typed context  [no-untyped-call]
src/omi/cli.py:461: error: "NOWStore" has no attribute "_default_content"  [attr-defined]
src/omi/cli.py:465: error: "NOWStore" has no attribute "update"  [attr-defined]
src/omi/cli.py:490: error: Unsupported target for indexed assignment ("dict[str, object] | str | None")  [index]
src/omi/cli.py:493: error: Value of type "dict[str, object] | str | None" is not indexable  [index]
src/omi/cli.py:493: error: Unsupported target for indexed assignment ("object | Any")  [index]
src/omi/cli.py:493: error: Invalid index type "str" for "str"; expected type "SupportsIndex | slice[Any, Any, Any]"  [index]
src/omi/cli.py:500: error: Value of type "dict[str, object] | str | None" is not indexable  [index]
src/omi/cli.py:500: error: Invalid index type "str" for "str"; expected type "SupportsIndex | slice[Any, Any, Any]"  [index]
src/omi/cli.py:501: error: Value of type "dict[str, object] | str | None" is not indexable  [index]
src/omi/cli.py:501: error: Invalid index type "str" for "str"; expected type "SupportsIndex | slice[Any, Any, Any]"  [index]
src/omi/cli.py:503: error: Value of type "dict[str, object] | str | None" is not indexable  [index]
src/omi/cli.py:503: error: Item "object" of "object | Any" has no attribute "items"  [union-attr]
src/omi/cli.py:503: error: Invalid index type "str" for "str"; expected type "SupportsIndex | slice[Any, Any, Any]"  [index]
src/omi/cli.py:512: error: Function is missing a type annotation for one or more arguments  [no-untyped-def]
src/omi/cli.py:528: error: Call to untyped function "NOWStore" in typed context  [no-untyped-call]
src/omi/cli.py:530: error: "NOWStore" has no attribute "now_file"  [attr-defined]
src/omi/cli.py:531: error: Call to untyped function "read" in typed context  [no-untyped-call]
src/omi/cli.py:532: error: "NOWStore" has no attribute "_default_content"  [attr-defined]
src/omi/cli.py:536: error: "NOWStore" has no attribute "update"  [attr-defined]
src/omi/cli.py:557: error: Library stubs not installed for "yaml"  [import-untyped]
src/omi/cli.py:557: note: Hint: "python3 -m pip install types-PyYAML"
src/omi/cli.py:557: note: (or run "mypy --install-types" to install all missing stub packages)
src/omi/cli.py:557: note: See https://mypy.readthedocs.io/en/stable/running_mypy.html#missing-imports
src/omi/cli.py:585: error: Function is missing a type annotation for one or more arguments  [no-untyped-def]
src/omi/cli.py:662: error: Function is missing a type annotation for one or more arguments  [no-untyped-def]
src/omi/cli.py:736: error: Function is missing a type annotation  [no-untyped-def]
src/omi/cli.py:745: error: Function is missing a type annotation for one or more arguments  [no-untyped-def]
src/omi/cli.py:790: error: Function is missing a type annotation for one or more arguments  [no-untyped-def]
src/omi/cli.py:828: error: Function is missing a type annotation for one or more arguments  [no-untyped-def]
src/omi/cli.py:844: error: Function is missing a type annotation  [no-untyped-def]
src/omi/cli.py:856: error: Function is missing a type annotation for one or more arguments  [no-untyped-def]
src/omi/cli.py:970: error: Function is missing a type annotation for one or more arguments  [no-untyped-def]
src/omi/cli.py:1008: error: Function is missing a type annotation  [no-untyped-def]
src/omi/cli.py:1057: error: Function is missing a return type annotation  [no-untyped-def]
src/omi/cli.py:1057: note: Use "-> None" if function does not return a value
src/omi/cli.py:1063: error: Call to untyped function "main" in typed context  [no-untyped-call]
Found 216 errors in 14 files (checked 20 source files)
